C:\Users\Федор\Desktop\SISPU\SISPU\client-app\dist\out-tsc\src\app\classes\faculty.js
C:\Users\Федор\Desktop\SISPU\SISPU\client-app\dist\out-tsc\src\app\classes\faculty.js.map
C:\Users\Федор\Desktop\SISPU\SISPU\client-app\dist\out-tsc\src\app\helpers\custom-query-encode.helper.js
C:\Users\Федор\Desktop\SISPU\SISPU\client-app\dist\out-tsc\src\app\helpers\custom-query-encode.helper.js.map
C:\Users\Федор\Desktop\SISPU\SISPU\client-app\dist\out-tsc\src\app\classes\facultiesjson.js
C:\Users\Федор\Desktop\SISPU\SISPU\client-app\dist\out-tsc\src\app\classes\facultiesjson.js.map
C:\Users\Федор\Desktop\SISPU\SISPU\client-app\dist\out-tsc\src\app\classes\user-token-storage.js
C:\Users\Федор\Desktop\SISPU\SISPU\client-app\dist\out-tsc\src\app\classes\user-token-storage.js.map
C:\Users\Федор\Desktop\SISPU\SISPU\client-app\dist\out-tsc\src\app\services\faculty-service\faculty.service.js
C:\Users\Федор\Desktop\SISPU\SISPU\client-app\dist\out-tsc\src\app\services\faculty-service\faculty.service.js.map
C:\Users\Федор\Desktop\SISPU\SISPU\client-app\dist\out-tsc\src\app\classes\group.js
C:\Users\Федор\Desktop\SISPU\SISPU\client-app\dist\out-tsc\src\app\classes\group.js.map
C:\Users\Федор\Desktop\SISPU\SISPU\client-app\dist\out-tsc\src\app\classes\groupsjson.js
C:\Users\Федор\Desktop\SISPU\SISPU\client-app\dist\out-tsc\src\app\classes\groupsjson.js.map
C:\Users\Федор\Desktop\SISPU\SISPU\client-app\dist\out-tsc\src\app\classes\facultyjson.js
C:\Users\Федор\Desktop\SISPU\SISPU\client-app\dist\out-tsc\src\app\classes\facultyjson.js.map
C:\Users\Федор\Desktop\SISPU\SISPU\client-app\dist\out-tsc\src\app\services\group-service\group.service.js
C:\Users\Федор\Desktop\SISPU\SISPU\client-app\dist\out-tsc\src\app\services\group-service\group.service.js.map
C:\Users\Федор\Desktop\SISPU\SISPU\client-app\dist\out-tsc\src\app\classes\teacher.js
C:\Users\Федор\Desktop\SISPU\SISPU\client-app\dist\out-tsc\src\app\classes\teacher.js.map
C:\Users\Федор\Desktop\SISPU\SISPU\client-app\dist\out-tsc\src\app\classes\auditory.js
C:\Users\Федор\Desktop\SISPU\SISPU\client-app\dist\out-tsc\src\app\classes\auditory.js.map
C:\Users\Федор\Desktop\SISPU\SISPU\client-app\dist\out-tsc\src\app\classes\lesson.js
C:\Users\Федор\Desktop\SISPU\SISPU\client-app\dist\out-tsc\src\app\classes\lesson.js.map
C:\Users\Федор\Desktop\SISPU\SISPU\client-app\dist\out-tsc\src\app\classes\day.js
C:\Users\Федор\Desktop\SISPU\SISPU\client-app\dist\out-tsc\src\app\classes\day.js.map
C:\Users\Федор\Desktop\SISPU\SISPU\client-app\dist\out-tsc\src\app\classes\grouptimetable.js
C:\Users\Федор\Desktop\SISPU\SISPU\client-app\dist\out-tsc\src\app\classes\grouptimetable.js.map
C:\Users\Федор\Desktop\SISPU\SISPU\client-app\dist\out-tsc\src\app\services\uptimetable-service\uptimetable.service.js
C:\Users\Федор\Desktop\SISPU\SISPU\client-app\dist\out-tsc\src\app\services\uptimetable-service\uptimetable.service.js.map
C:\Users\Федор\Desktop\SISPU\SISPU\client-app\dist\out-tsc\src\app\app.component.js
C:\Users\Федор\Desktop\SISPU\SISPU\client-app\dist\out-tsc\src\app\app.component.js.map
C:\Users\Федор\Desktop\SISPU\SISPU\client-app\dist\out-tsc\src\app\components\main\main.component.js
C:\Users\Федор\Desktop\SISPU\SISPU\client-app\dist\out-tsc\src\app\components\main\main.component.js.map
C:\Users\Федор\Desktop\SISPU\SISPU\client-app\dist\out-tsc\src\app\services\upfaculty-service\upfaculty.service.js
C:\Users\Федор\Desktop\SISPU\SISPU\client-app\dist\out-tsc\src\app\services\upfaculty-service\upfaculty.service.js.map
C:\Users\Федор\Desktop\SISPU\SISPU\client-app\dist\out-tsc\src\app\components\faculties\faculties.component.js
C:\Users\Федор\Desktop\SISPU\SISPU\client-app\dist\out-tsc\src\app\components\faculties\faculties.component.js.map
C:\Users\Федор\Desktop\SISPU\SISPU\client-app\dist\out-tsc\src\app\services\upgroup-service\upgroup.service.js
C:\Users\Федор\Desktop\SISPU\SISPU\client-app\dist\out-tsc\src\app\services\upgroup-service\upgroup.service.js.map
C:\Users\Федор\Desktop\SISPU\SISPU\client-app\dist\out-tsc\src\app\components\groups\groups.component.js
C:\Users\Федор\Desktop\SISPU\SISPU\client-app\dist\out-tsc\src\app\components\groups\groups.component.js.map
C:\Users\Федор\Desktop\SISPU\SISPU\client-app\dist\out-tsc\src\app\services\timetable-service\timetable.service.js
C:\Users\Федор\Desktop\SISPU\SISPU\client-app\dist\out-tsc\src\app\services\timetable-service\timetable.service.js.map
C:\Users\Федор\Desktop\SISPU\SISPU\client-app\dist\out-tsc\src\app\components\timetables\timetables.component.js
C:\Users\Федор\Desktop\SISPU\SISPU\client-app\dist\out-tsc\src\app\components\timetables\timetables.component.js.map
C:\Users\Федор\Desktop\SISPU\SISPU\client-app\dist\out-tsc\src\app\classes\groupchat.js
C:\Users\Федор\Desktop\SISPU\SISPU\client-app\dist\out-tsc\src\app\classes\groupchat.js.map
C:\Users\Федор\Desktop\SISPU\SISPU\client-app\dist\out-tsc\src\app\classes\user.js
C:\Users\Федор\Desktop\SISPU\SISPU\client-app\dist\out-tsc\src\app\classes\user.js.map
C:\Users\Федор\Desktop\SISPU\SISPU\client-app\dist\out-tsc\src\app\classes\message.js
C:\Users\Федор\Desktop\SISPU\SISPU\client-app\dist\out-tsc\src\app\classes\message.js.map
C:\Users\Федор\Desktop\SISPU\SISPU\client-app\dist\out-tsc\src\app\services\chat-service\chat.service.js
C:\Users\Федор\Desktop\SISPU\SISPU\client-app\dist\out-tsc\src\app\services\chat-service\chat.service.js.map
C:\Users\Федор\Desktop\SISPU\SISPU\client-app\dist\out-tsc\src\app\components\chats\chats.component.js
C:\Users\Федор\Desktop\SISPU\SISPU\client-app\dist\out-tsc\src\app\components\chats\chats.component.js.map
C:\Users\Федор\Desktop\SISPU\SISPU\client-app\dist\out-tsc\src\app\components\faculty\faculty.component.js
C:\Users\Федор\Desktop\SISPU\SISPU\client-app\dist\out-tsc\src\app\components\faculty\faculty.component.js.map
C:\Users\Федор\Desktop\SISPU\SISPU\client-app\dist\out-tsc\src\app\components\group\group.component.js
C:\Users\Федор\Desktop\SISPU\SISPU\client-app\dist\out-tsc\src\app\components\group\group.component.js.map
C:\Users\Федор\Desktop\SISPU\SISPU\client-app\dist\out-tsc\src\app\components\timetable\timetable.component.js
C:\Users\Федор\Desktop\SISPU\SISPU\client-app\dist\out-tsc\src\app\components\timetable\timetable.component.js.map
C:\Users\Федор\Desktop\SISPU\SISPU\client-app\dist\out-tsc\src\app\components\chat\chat.component.js
C:\Users\Федор\Desktop\SISPU\SISPU\client-app\dist\out-tsc\src\app\components\chat\chat.component.js.map
C:\Users\Федор\Desktop\SISPU\SISPU\client-app\dist\out-tsc\src\app\services\teacher-service\teacher.service.js
C:\Users\Федор\Desktop\SISPU\SISPU\client-app\dist\out-tsc\src\app\services\teacher-service\teacher.service.js.map
C:\Users\Федор\Desktop\SISPU\SISPU\client-app\dist\out-tsc\src\app\components\teachers\teachers.component.js
C:\Users\Федор\Desktop\SISPU\SISPU\client-app\dist\out-tsc\src\app\components\teachers\teachers.component.js.map
C:\Users\Федор\Desktop\SISPU\SISPU\client-app\dist\out-tsc\src\app\components\teacher\teacher.component.js
C:\Users\Федор\Desktop\SISPU\SISPU\client-app\dist\out-tsc\src\app\components\teacher\teacher.component.js.map
C:\Users\Федор\Desktop\SISPU\SISPU\client-app\dist\out-tsc\src\app\app.module.js
C:\Users\Федор\Desktop\SISPU\SISPU\client-app\dist\out-tsc\src\app\app.module.js.map
C:\Users\Федор\Desktop\SISPU\SISPU\client-app\dist\out-tsc\src\environments\environment.js
C:\Users\Федор\Desktop\SISPU\SISPU\client-app\dist\out-tsc\src\environments\environment.js.map
C:\Users\Федор\Desktop\SISPU\SISPU\client-app\dist\out-tsc\src\main.js
C:\Users\Федор\Desktop\SISPU\SISPU\client-app\dist\out-tsc\src\main.js.map
C:\Users\Федор\Desktop\SISPU\SISPU\client-app\dist\out-tsc\src\polyfills.js
C:\Users\Федор\Desktop\SISPU\SISPU\client-app\dist\out-tsc\src\polyfills.js.map
C:\Users\Федор\Desktop\SISPU\SISPU\client-app\dist\out-tsc\src\test.js
C:\Users\Федор\Desktop\SISPU\SISPU\client-app\dist\out-tsc\src\test.js.map
C:\Users\Федор\Desktop\SISPU\SISPU\client-app\dist\out-tsc\src\vendor.js
C:\Users\Федор\Desktop\SISPU\SISPU\client-app\dist\out-tsc\src\vendor.js.map
C:\Users\Федор\Desktop\SISPU\SISPU\client-app\dist\out-tsc\e2e\src\app.po.js
C:\Users\Федор\Desktop\SISPU\SISPU\client-app\dist\out-tsc\e2e\src\app.po.js.map
C:\Users\Федор\Desktop\SISPU\SISPU\client-app\dist\out-tsc\e2e\src\app.e2e-spec.js
C:\Users\Федор\Desktop\SISPU\SISPU\client-app\dist\out-tsc\e2e\src\app.e2e-spec.js.map
C:\Users\Федор\Desktop\SISPU\SISPU\client-app\dist\out-tsc\src\app\app.component.spec.js
C:\Users\Федор\Desktop\SISPU\SISPU\client-app\dist\out-tsc\src\app\app.component.spec.js.map
C:\Users\Федор\Desktop\SISPU\SISPU\client-app\dist\out-tsc\src\environments\environment.prod.js
C:\Users\Федор\Desktop\SISPU\SISPU\client-app\dist\out-tsc\src\environments\environment.prod.js.map
C:\Users\Федор\Desktop\SISPU\SISPU\client-app\dist\out-tsc\src\app\components\chat\chat.component.spec.js
C:\Users\Федор\Desktop\SISPU\SISPU\client-app\dist\out-tsc\src\app\components\chat\chat.component.spec.js.map
C:\Users\Федор\Desktop\SISPU\SISPU\client-app\dist\out-tsc\src\app\components\chats\chats.component.spec.js
C:\Users\Федор\Desktop\SISPU\SISPU\client-app\dist\out-tsc\src\app\components\chats\chats.component.spec.js.map
C:\Users\Федор\Desktop\SISPU\SISPU\client-app\dist\out-tsc\src\app\components\dashboard\dashboard.component.js
C:\Users\Федор\Desktop\SISPU\SISPU\client-app\dist\out-tsc\src\app\components\dashboard\dashboard.component.js.map
C:\Users\Федор\Desktop\SISPU\SISPU\client-app\dist\out-tsc\src\app\components\dashboard\dashboard.component.spec.js
C:\Users\Федор\Desktop\SISPU\SISPU\client-app\dist\out-tsc\src\app\components\dashboard\dashboard.component.spec.js.map
C:\Users\Федор\Desktop\SISPU\SISPU\client-app\dist\out-tsc\src\app\components\faculties\faculties.component.spec.js
C:\Users\Федор\Desktop\SISPU\SISPU\client-app\dist\out-tsc\src\app\components\faculties\faculties.component.spec.js.map
C:\Users\Федор\Desktop\SISPU\SISPU\client-app\dist\out-tsc\src\app\components\faculty\faculty.component.spec.js
C:\Users\Федор\Desktop\SISPU\SISPU\client-app\dist\out-tsc\src\app\components\faculty\faculty.component.spec.js.map
C:\Users\Федор\Desktop\SISPU\SISPU\client-app\dist\out-tsc\src\app\components\group\group.component.spec.js
C:\Users\Федор\Desktop\SISPU\SISPU\client-app\dist\out-tsc\src\app\components\group\group.component.spec.js.map
C:\Users\Федор\Desktop\SISPU\SISPU\client-app\dist\out-tsc\src\app\components\groups\groups.component.spec.js
C:\Users\Федор\Desktop\SISPU\SISPU\client-app\dist\out-tsc\src\app\components\groups\groups.component.spec.js.map
C:\Users\Федор\Desktop\SISPU\SISPU\client-app\dist\out-tsc\src\app\components\main\main.component.spec.js
C:\Users\Федор\Desktop\SISPU\SISPU\client-app\dist\out-tsc\src\app\components\main\main.component.spec.js.map
C:\Users\Федор\Desktop\SISPU\SISPU\client-app\dist\out-tsc\src\app\components\nav\nav.component.js
C:\Users\Федор\Desktop\SISPU\SISPU\client-app\dist\out-tsc\src\app\components\nav\nav.component.js.map
C:\Users\Федор\Desktop\SISPU\SISPU\client-app\dist\out-tsc\src\app\components\nav\nav.component.spec.js
C:\Users\Федор\Desktop\SISPU\SISPU\client-app\dist\out-tsc\src\app\components\nav\nav.component.spec.js.map
C:\Users\Федор\Desktop\SISPU\SISPU\client-app\dist\out-tsc\src\app\components\table\table-datasource.js
C:\Users\Федор\Desktop\SISPU\SISPU\client-app\dist\out-tsc\src\app\components\table\table-datasource.js.map
C:\Users\Федор\Desktop\SISPU\SISPU\client-app\dist\out-tsc\src\app\components\table\table.component.js
C:\Users\Федор\Desktop\SISPU\SISPU\client-app\dist\out-tsc\src\app\components\table\table.component.js.map
C:\Users\Федор\Desktop\SISPU\SISPU\client-app\dist\out-tsc\src\app\components\table\table.component.spec.js
C:\Users\Федор\Desktop\SISPU\SISPU\client-app\dist\out-tsc\src\app\components\table\table.component.spec.js.map
C:\Users\Федор\Desktop\SISPU\SISPU\client-app\dist\out-tsc\src\app\components\teacher\teacher.component.spec.js
C:\Users\Федор\Desktop\SISPU\SISPU\client-app\dist\out-tsc\src\app\components\teacher\teacher.component.spec.js.map
C:\Users\Федор\Desktop\SISPU\SISPU\client-app\dist\out-tsc\src\app\components\teachers\teachers.component.spec.js
C:\Users\Федор\Desktop\SISPU\SISPU\client-app\dist\out-tsc\src\app\components\teachers\teachers.component.spec.js.map
C:\Users\Федор\Desktop\SISPU\SISPU\client-app\dist\out-tsc\src\app\components\timetable\timetable.component.spec.js
C:\Users\Федор\Desktop\SISPU\SISPU\client-app\dist\out-tsc\src\app\components\timetable\timetable.component.spec.js.map
C:\Users\Федор\Desktop\SISPU\SISPU\client-app\dist\out-tsc\src\app\components\timetables\timetables.component.spec.js
C:\Users\Федор\Desktop\SISPU\SISPU\client-app\dist\out-tsc\src\app\components\timetables\timetables.component.spec.js.map
C:\Users\Федор\Desktop\SISPU\SISPU\client-app\dist\out-tsc\src\app\services\chat-service\chat.service.spec.js
C:\Users\Федор\Desktop\SISPU\SISPU\client-app\dist\out-tsc\src\app\services\chat-service\chat.service.spec.js.map
C:\Users\Федор\Desktop\SISPU\SISPU\client-app\dist\out-tsc\src\app\services\faculty-service\faculty.service.spec.js
C:\Users\Федор\Desktop\SISPU\SISPU\client-app\dist\out-tsc\src\app\services\faculty-service\faculty.service.spec.js.map
C:\Users\Федор\Desktop\SISPU\SISPU\client-app\dist\out-tsc\src\app\services\group-service\group.service.spec.js
C:\Users\Федор\Desktop\SISPU\SISPU\client-app\dist\out-tsc\src\app\services\group-service\group.service.spec.js.map
C:\Users\Федор\Desktop\SISPU\SISPU\client-app\dist\out-tsc\src\app\services\teacher-service\teacher.service.spec.js
C:\Users\Федор\Desktop\SISPU\SISPU\client-app\dist\out-tsc\src\app\services\teacher-service\teacher.service.spec.js.map
C:\Users\Федор\Desktop\SISPU\SISPU\client-app\dist\out-tsc\src\app\services\timetable-service\timetable.service.spec.js
C:\Users\Федор\Desktop\SISPU\SISPU\client-app\dist\out-tsc\src\app\services\timetable-service\timetable.service.spec.js.map
C:\Users\Федор\Desktop\SISPU\SISPU\client-app\dist\out-tsc\src\app\services\upfaculty-service\upfaculty.service.spec.js
C:\Users\Федор\Desktop\SISPU\SISPU\client-app\dist\out-tsc\src\app\services\upfaculty-service\upfaculty.service.spec.js.map
C:\Users\Федор\Desktop\SISPU\SISPU\client-app\dist\out-tsc\src\app\services\upgroup-service\upgroup.service.spec.js
C:\Users\Федор\Desktop\SISPU\SISPU\client-app\dist\out-tsc\src\app\services\upgroup-service\upgroup.service.spec.js.map
C:\Users\Федор\Desktop\SISPU\SISPU\client-app\dist\out-tsc\src\app\services\uptimetable-service\uptimetable.service.spec.js
C:\Users\Федор\Desktop\SISPU\SISPU\client-app\dist\out-tsc\src\app\services\uptimetable-service\uptimetable.service.spec.js.map
